app/build/intermediates/manifest_merge_blame_file/debug/manifest-merger-blame-debug-report.txt
1<?xml version="1.0" encoding="utf-8"?>
2<manifest xmlns:android="http://schemas.android.com/apk/res/android"
3    package="com.android.gallery3d" >
4
5    <uses-sdk
6        android:minSdkVersion="27"
6-->src/main/AndroidManifest.xml
7        android:targetSdkVersion="31" />
7-->src/main/AndroidManifest.xml
8
9    <original-package android:name="com.android.gallery3d" />
9-->src/main/AndroidManifest.xml:7:5-62
9-->src/main/AndroidManifest.xml:7:23-59
10
11    <!-- <uses-sdk android:targetSdkVersion="29" /> -->
12
13    <permission
13-->src/main/AndroidManifest.xml:11:5-12:59
14        android:name="com.android.gallery3d.permission.GALLERY_PROVIDER"
14-->src/main/AndroidManifest.xml:11:17-81
15        android:protectionLevel="signatureOrSystem" />
15-->src/main/AndroidManifest.xml:12:13-56
16
17    <uses-permission android:name="android.permission.ACCESS_COARSE_LOCATION" />
17-->src/main/AndroidManifest.xml:14:5-81
17-->src/main/AndroidManifest.xml:14:22-78
18    <uses-permission android:name="android.permission.ACCESS_FINE_LOCATION" />
18-->src/main/AndroidManifest.xml:15:5-79
18-->src/main/AndroidManifest.xml:15:22-76
19    <uses-permission android:name="android.permission.ACCESS_NETWORK_STATE" />
19-->src/main/AndroidManifest.xml:16:5-79
19-->src/main/AndroidManifest.xml:16:22-76
20    <uses-permission android:name="android.permission.CAMERA" />
20-->src/main/AndroidManifest.xml:17:5-65
20-->src/main/AndroidManifest.xml:17:22-62
21    <uses-permission android:name="android.permission.GET_ACCOUNTS" />
21-->src/main/AndroidManifest.xml:18:5-71
21-->src/main/AndroidManifest.xml:18:22-68
22    <uses-permission android:name="android.permission.INTERNET" />
22-->src/main/AndroidManifest.xml:19:5-67
22-->src/main/AndroidManifest.xml:19:22-64
23    <uses-permission android:name="android.permission.MANAGE_ACCOUNTS" />
23-->src/main/AndroidManifest.xml:20:5-74
23-->src/main/AndroidManifest.xml:20:22-71
24    <uses-permission android:name="android.permission.NFC" />
24-->src/main/AndroidManifest.xml:21:5-62
24-->src/main/AndroidManifest.xml:21:22-59
25    <uses-permission android:name="android.permission.READ_SYNC_SETTINGS" />
25-->src/main/AndroidManifest.xml:22:5-77
25-->src/main/AndroidManifest.xml:22:22-74
26    <uses-permission android:name="android.permission.RECEIVE_BOOT_COMPLETED" />
26-->src/main/AndroidManifest.xml:23:5-81
26-->src/main/AndroidManifest.xml:23:22-78
27    <uses-permission android:name="android.permission.RECORD_AUDIO" />
27-->src/main/AndroidManifest.xml:24:5-71
27-->src/main/AndroidManifest.xml:24:22-68
28    <uses-permission android:name="android.permission.SET_WALLPAPER" />
28-->src/main/AndroidManifest.xml:25:5-72
28-->src/main/AndroidManifest.xml:25:22-69
29    <uses-permission android:name="android.permission.USE_CREDENTIALS" />
29-->src/main/AndroidManifest.xml:26:5-74
29-->src/main/AndroidManifest.xml:26:22-71
30    <uses-permission android:name="android.permission.VIBRATE" />
30-->src/main/AndroidManifest.xml:27:5-66
30-->src/main/AndroidManifest.xml:27:22-63
31    <uses-permission android:name="android.permission.WAKE_LOCK" />
31-->src/main/AndroidManifest.xml:28:5-68
31-->src/main/AndroidManifest.xml:28:22-65
32    <uses-permission android:name="android.permission.MANAGE_EXTERNAL_STORAGE" />
32-->src/main/AndroidManifest.xml:29:5-30:40
32-->src/main/AndroidManifest.xml:29:22-79
33    <uses-permission android:name="android.permission.READ_EXTERNAL_STORAGE" />
33-->src/main/AndroidManifest.xml:31:5-80
33-->src/main/AndroidManifest.xml:31:22-77
34    <uses-permission android:name="android.permission.WRITE_EXTERNAL_STORAGE" />
34-->src/main/AndroidManifest.xml:32:5-33:40
34-->src/main/AndroidManifest.xml:32:22-78
35    <uses-permission android:name="android.permission.WRITE_SETTINGS" />
35-->src/main/AndroidManifest.xml:34:5-35:47
35-->src/main/AndroidManifest.xml:34:22-70
36    <uses-permission android:name="android.permission.WRITE_SYNC_SETTINGS" />
36-->src/main/AndroidManifest.xml:36:5-78
36-->src/main/AndroidManifest.xml:36:22-75
37    <uses-permission android:name="com.android.gallery3d.permission.GALLERY_PROVIDER" />
37-->src/main/AndroidManifest.xml:37:5-89
37-->src/main/AndroidManifest.xml:37:22-86
38
39    <supports-screens
39-->src/main/AndroidManifest.xml:39:5-41:41
40        android:anyDensity="true"
40-->src/main/AndroidManifest.xml:41:13-38
41        android:largeScreens="true"
41-->src/main/AndroidManifest.xml:40:42-69
42        android:normalScreens="true"
42-->src/main/AndroidManifest.xml:40:13-41
43        android:smallScreens="false" />
43-->src/main/AndroidManifest.xml:39:23-51
44
45    <application
45-->src/main/AndroidManifest.xml:43:5-390:19
46        android:name="com.android.gallery3d.app.GalleryAppImpl"
46-->src/main/AndroidManifest.xml:45:13-68
47        android:appComponentFactory="androidx.core.app.CoreComponentFactory"
47-->[androidx.core:core:1.6.0] AndroidManifest.xml:24:18-86
48        android:debuggable="true"
49        android:extractNativeLibs="false"
50        android:hardwareAccelerated="true"
50-->src/main/AndroidManifest.xml:48:13-47
51        android:icon="@mipmap/ic_launcher_gallery"
51-->src/main/AndroidManifest.xml:44:9-51
52        android:label="@string/app_name"
52-->src/main/AndroidManifest.xml:44:52-84
53        android:largeHeap="true"
53-->src/main/AndroidManifest.xml:49:13-37
54        android:logo="@mipmap/ic_launcher_gallery"
54-->src/main/AndroidManifest.xml:47:13-55
55        android:requestLegacyExternalStorage="true"
55-->src/main/AndroidManifest.xml:52:13-56
56        android:restoreAnyVersion="true"
56-->src/main/AndroidManifest.xml:50:13-45
57        android:supportsRtl="true"
57-->src/main/AndroidManifest.xml:51:13-39
58        android:testOnly="true"
59        android:theme="@style/Theme.Gallery" >
59-->src/main/AndroidManifest.xml:46:13-49
60        <uses-library
60-->src/main/AndroidManifest.xml:53:9-88
61            android:name="org.apache.http.legacy"
61-->src/main/AndroidManifest.xml:53:23-60
62            android:required="false" />
62-->src/main/AndroidManifest.xml:53:61-85
63
64        <activity
64-->src/main/AndroidManifest.xml:54:9-94:20
65            android:name="com.android.gallery3d.app.MovieActivity"
65-->src/main/AndroidManifest.xml:55:13-67
66            android:configChanges="orientation|keyboardHidden|screenSize"
66-->src/main/AndroidManifest.xml:57:17-78
67            android:exported="true"
67-->src/main/AndroidManifest.xml:58:13-36
68            android:label="@string/movie_view_label" >
68-->src/main/AndroidManifest.xml:56:17-57
69            <intent-filter>
69-->src/main/AndroidManifest.xml:60:13-65:30
70                <action android:name="android.intent.action.VIEW" />
70-->src/main/AndroidManifest.xml:61:17-69
70-->src/main/AndroidManifest.xml:61:25-66
71
72                <category android:name="android.intent.category.DEFAULT" />
72-->src/main/AndroidManifest.xml:62:17-76
72-->src/main/AndroidManifest.xml:62:27-73
73                <category android:name="android.intent.category.BROWSABLE" />
73-->src/main/AndroidManifest.xml:63:17-78
73-->src/main/AndroidManifest.xml:63:27-75
74
75                <data android:scheme="rtsp" />
75-->src/main/AndroidManifest.xml:64:17-47
75-->src/main/AndroidManifest.xml:64:23-44
76            </intent-filter>
77            <intent-filter>
77-->src/main/AndroidManifest.xml:66:14-81:30
78                <action android:name="android.intent.action.VIEW" />
78-->src/main/AndroidManifest.xml:61:17-69
78-->src/main/AndroidManifest.xml:61:25-66
79
80                <category android:name="android.intent.category.DEFAULT" />
80-->src/main/AndroidManifest.xml:62:17-76
80-->src/main/AndroidManifest.xml:62:27-73
81                <category android:name="android.intent.category.BROWSABLE" />
81-->src/main/AndroidManifest.xml:63:17-78
81-->src/main/AndroidManifest.xml:63:27-75
82
83                <data android:scheme="http" />
83-->src/main/AndroidManifest.xml:64:17-47
83-->src/main/AndroidManifest.xml:64:23-44
84                <data android:scheme="https" />
84-->src/main/AndroidManifest.xml:64:17-47
84-->src/main/AndroidManifest.xml:64:23-44
85                <data android:scheme="content" />
85-->src/main/AndroidManifest.xml:64:17-47
85-->src/main/AndroidManifest.xml:64:23-44
86                <data android:scheme="file" />
86-->src/main/AndroidManifest.xml:64:17-47
86-->src/main/AndroidManifest.xml:64:23-44
87                <data android:mimeType="video/mpeg4" />
87-->src/main/AndroidManifest.xml:64:17-47
87-->src/main/AndroidManifest.xml:74:23-53
88                <data android:mimeType="video/mp4" />
88-->src/main/AndroidManifest.xml:64:17-47
88-->src/main/AndroidManifest.xml:74:23-53
89                <data android:mimeType="video/3gp" />
89-->src/main/AndroidManifest.xml:64:17-47
89-->src/main/AndroidManifest.xml:74:23-53
90                <data android:mimeType="video/3gpp" />
90-->src/main/AndroidManifest.xml:64:17-47
90-->src/main/AndroidManifest.xml:74:23-53
91                <data android:mimeType="video/3gpp2" />
91-->src/main/AndroidManifest.xml:64:17-47
91-->src/main/AndroidManifest.xml:74:23-53
92                <data android:mimeType="video/webm" />
92-->src/main/AndroidManifest.xml:64:17-47
92-->src/main/AndroidManifest.xml:74:23-53
93                <data android:mimeType="video/avi" />
93-->src/main/AndroidManifest.xml:64:17-47
93-->src/main/AndroidManifest.xml:74:23-53
94            </intent-filter>
95            <intent-filter>
95-->src/main/AndroidManifest.xml:82:14-93:30
96
97                <!-- HTTP live support -->
98                <action android:name="android.intent.action.VIEW" />
98-->src/main/AndroidManifest.xml:61:17-69
98-->src/main/AndroidManifest.xml:61:25-66
99
100                <category android:name="android.intent.category.DEFAULT" />
100-->src/main/AndroidManifest.xml:62:17-76
100-->src/main/AndroidManifest.xml:62:27-73
101                <category android:name="android.intent.category.BROWSABLE" />
101-->src/main/AndroidManifest.xml:63:17-78
101-->src/main/AndroidManifest.xml:63:27-75
102
103                <data android:scheme="http" />
103-->src/main/AndroidManifest.xml:64:17-47
103-->src/main/AndroidManifest.xml:64:23-44
104                <data android:scheme="https" />
104-->src/main/AndroidManifest.xml:64:17-47
104-->src/main/AndroidManifest.xml:64:23-44
105                <data android:mimeType="audio/x-mpegurl" />
105-->src/main/AndroidManifest.xml:64:17-47
105-->src/main/AndroidManifest.xml:74:23-53
106                <data android:mimeType="audio/mpegurl" />
106-->src/main/AndroidManifest.xml:64:17-47
106-->src/main/AndroidManifest.xml:74:23-53
107                <data android:mimeType="application/vnd.apple.mpegurl" />
107-->src/main/AndroidManifest.xml:64:17-47
107-->src/main/AndroidManifest.xml:74:23-53
108                <data android:mimeType="application/x-mpegurl" />
108-->src/main/AndroidManifest.xml:64:17-47
108-->src/main/AndroidManifest.xml:74:23-53
109            </intent-filter>
110        </activity>
111        <activity
111-->src/main/AndroidManifest.xml:96:9-166:20
112            android:name="com.android.gallery3d.app.GalleryActivity"
112-->src/main/AndroidManifest.xml:99:13-69
113            android:configChanges="keyboardHidden|orientation|screenSize"
113-->src/main/AndroidManifest.xml:100:17-78
114            android:exported="true"
114-->src/main/AndroidManifest.xml:97:13-36
115            android:label="@string/app_name" >
115-->src/main/AndroidManifest.xml:99:70-102
116            <intent-filter>
116-->src/main/AndroidManifest.xml:101:13-106:29
117                <action android:name="android.intent.action.MAIN" />
117-->src/main/AndroidManifest.xml:102:17-69
117-->src/main/AndroidManifest.xml:102:25-66
118
119                <category android:name="android.intent.category.DEFAULT" />
119-->src/main/AndroidManifest.xml:62:17-76
119-->src/main/AndroidManifest.xml:62:27-73
120                <category android:name="android.intent.category.LAUNCHER" />
120-->src/main/AndroidManifest.xml:104:17-77
120-->src/main/AndroidManifest.xml:104:27-74
121                <category android:name="android.intent.category.APP_GALLERY" />
121-->src/main/AndroidManifest.xml:105:17-80
121-->src/main/AndroidManifest.xml:105:27-77
122            </intent-filter>
123            <intent-filter>
123-->src/main/AndroidManifest.xml:107:13-111:29
124                <action android:name="android.intent.action.GET_CONTENT" />
124-->src/main/AndroidManifest.xml:108:17-76
124-->src/main/AndroidManifest.xml:108:25-73
125
126                <category android:name="android.intent.category.OPENABLE" />
126-->src/main/AndroidManifest.xml:109:17-77
126-->src/main/AndroidManifest.xml:109:27-74
127
128                <data android:mimeType="vnd.android.cursor.dir/image" />
128-->src/main/AndroidManifest.xml:64:17-47
128-->src/main/AndroidManifest.xml:74:23-53
129            </intent-filter>
130            <intent-filter>
130-->src/main/AndroidManifest.xml:112:13-118:29
131                <action android:name="android.intent.action.GET_CONTENT" />
131-->src/main/AndroidManifest.xml:108:17-76
131-->src/main/AndroidManifest.xml:108:25-73
132
133                <category android:name="android.intent.category.OPENABLE" />
133-->src/main/AndroidManifest.xml:109:17-77
133-->src/main/AndroidManifest.xml:109:27-74
134                <category android:name="android.intent.category.DEFAULT" />
134-->src/main/AndroidManifest.xml:62:17-76
134-->src/main/AndroidManifest.xml:62:27-73
135
136                <data android:mimeType="image/*" />
136-->src/main/AndroidManifest.xml:64:17-47
136-->src/main/AndroidManifest.xml:74:23-53
137                <data android:mimeType="video/*" />
137-->src/main/AndroidManifest.xml:64:17-47
137-->src/main/AndroidManifest.xml:74:23-53
138            </intent-filter>
139            <!--
140                 We do NOT support the PICK intent, we add these intent-filter for
141                 backward compatibility. Handle it as GET_CONTENT.
142            -->
143            <intent-filter>
143-->src/main/AndroidManifest.xml:121:13-126:29
144                <action android:name="android.intent.action.PICK" />
144-->src/main/AndroidManifest.xml:122:17-69
144-->src/main/AndroidManifest.xml:122:25-66
145
146                <category android:name="android.intent.category.DEFAULT" />
146-->src/main/AndroidManifest.xml:62:17-76
146-->src/main/AndroidManifest.xml:62:27-73
147
148                <data android:mimeType="image/*" />
148-->src/main/AndroidManifest.xml:64:17-47
148-->src/main/AndroidManifest.xml:74:23-53
149                <data android:mimeType="video/*" />
149-->src/main/AndroidManifest.xml:64:17-47
149-->src/main/AndroidManifest.xml:74:23-53
150            </intent-filter>
151            <intent-filter>
151-->src/main/AndroidManifest.xml:127:13-132:29
152                <action android:name="android.intent.action.PICK" />
152-->src/main/AndroidManifest.xml:122:17-69
152-->src/main/AndroidManifest.xml:122:25-66
153
154                <category android:name="android.intent.category.DEFAULT" />
154-->src/main/AndroidManifest.xml:62:17-76
154-->src/main/AndroidManifest.xml:62:27-73
155
156                <data android:mimeType="vnd.android.cursor.dir/image" />
156-->src/main/AndroidManifest.xml:64:17-47
156-->src/main/AndroidManifest.xml:74:23-53
157                <data android:mimeType="vnd.android.cursor.dir/video" />
157-->src/main/AndroidManifest.xml:64:17-47
157-->src/main/AndroidManifest.xml:74:23-53
158            </intent-filter>
159            <intent-filter>
159-->src/main/AndroidManifest.xml:133:13-138:29
160                <action android:name="android.intent.action.VIEW" />
160-->src/main/AndroidManifest.xml:61:17-69
160-->src/main/AndroidManifest.xml:61:25-66
161
162                <category android:name="android.intent.category.DEFAULT" />
162-->src/main/AndroidManifest.xml:62:17-76
162-->src/main/AndroidManifest.xml:62:27-73
163
164                <data android:mimeType="vnd.android.cursor.dir/image" />
164-->src/main/AndroidManifest.xml:64:17-47
164-->src/main/AndroidManifest.xml:74:23-53
165                <data android:mimeType="vnd.android.cursor.dir/video" />
165-->src/main/AndroidManifest.xml:64:17-47
165-->src/main/AndroidManifest.xml:74:23-53
166            </intent-filter>
167            <intent-filter>
167-->src/main/AndroidManifest.xml:139:13-151:29
168                <action android:name="android.intent.action.VIEW" />
168-->src/main/AndroidManifest.xml:61:17-69
168-->src/main/AndroidManifest.xml:61:25-66
169                <action android:name="com.android.camera.action.REVIEW" />
169-->src/main/AndroidManifest.xml:141:17-75
169-->src/main/AndroidManifest.xml:141:25-72
170
171                <category android:name="android.intent.category.DEFAULT" />
171-->src/main/AndroidManifest.xml:62:17-76
171-->src/main/AndroidManifest.xml:62:27-73
172                <category android:name="android.intent.category.BROWSABLE" />
172-->src/main/AndroidManifest.xml:63:17-78
172-->src/main/AndroidManifest.xml:63:27-75
173
174                <data android:scheme="" />
174-->src/main/AndroidManifest.xml:64:17-47
174-->src/main/AndroidManifest.xml:64:23-44
175                <data android:scheme="http" />
175-->src/main/AndroidManifest.xml:64:17-47
175-->src/main/AndroidManifest.xml:64:23-44
176                <data android:scheme="https" />
176-->src/main/AndroidManifest.xml:64:17-47
176-->src/main/AndroidManifest.xml:64:23-44
177                <data android:scheme="content" />
177-->src/main/AndroidManifest.xml:64:17-47
177-->src/main/AndroidManifest.xml:64:23-44
178                <data android:scheme="file" />
178-->src/main/AndroidManifest.xml:64:17-47
178-->src/main/AndroidManifest.xml:64:23-44
179                <data android:mimeType="image/*" />
179-->src/main/AndroidManifest.xml:64:17-47
179-->src/main/AndroidManifest.xml:74:23-53
180                <data android:mimeType="application/vnd.google.panorama360+jpg" />
180-->src/main/AndroidManifest.xml:64:17-47
180-->src/main/AndroidManifest.xml:74:23-53
181            </intent-filter>
182            <intent-filter>
182-->src/main/AndroidManifest.xml:152:13-165:29
183                <action android:name="com.android.camera.action.REVIEW" />
183-->src/main/AndroidManifest.xml:141:17-75
183-->src/main/AndroidManifest.xml:141:25-72
184
185                <category android:name="android.intent.category.DEFAULT" />
185-->src/main/AndroidManifest.xml:62:17-76
185-->src/main/AndroidManifest.xml:62:27-73
186                <category android:name="android.intent.category.BROWSABLE" />
186-->src/main/AndroidManifest.xml:63:17-78
186-->src/main/AndroidManifest.xml:63:27-75
187
188                <data android:scheme="http" />
188-->src/main/AndroidManifest.xml:64:17-47
188-->src/main/AndroidManifest.xml:64:23-44
189                <data android:scheme="https" />
189-->src/main/AndroidManifest.xml:64:17-47
189-->src/main/AndroidManifest.xml:64:23-44
190                <data android:scheme="content" />
190-->src/main/AndroidManifest.xml:64:17-47
190-->src/main/AndroidManifest.xml:64:23-44
191                <data android:scheme="file" />
191-->src/main/AndroidManifest.xml:64:17-47
191-->src/main/AndroidManifest.xml:64:23-44
192                <data android:mimeType="video/mpeg4" />
192-->src/main/AndroidManifest.xml:64:17-47
192-->src/main/AndroidManifest.xml:74:23-53
193                <data android:mimeType="video/mp4" />
193-->src/main/AndroidManifest.xml:64:17-47
193-->src/main/AndroidManifest.xml:74:23-53
194                <data android:mimeType="video/3gp" />
194-->src/main/AndroidManifest.xml:64:17-47
194-->src/main/AndroidManifest.xml:74:23-53
195                <data android:mimeType="video/3gpp" />
195-->src/main/AndroidManifest.xml:64:17-47
195-->src/main/AndroidManifest.xml:74:23-53
196                <data android:mimeType="video/3gpp2" />
196-->src/main/AndroidManifest.xml:64:17-47
196-->src/main/AndroidManifest.xml:74:23-53
197            </intent-filter>
198        </activity> <!-- we add this activity-alias for shortcut backward compatibility -->
199        <!-- Note: The alias must put after the target activity -->
200        <activity-alias
200-->src/main/AndroidManifest.xml:183:9-193:26
201            android:name="com.cooliris.media.Gallery"
201-->src/main/AndroidManifest.xml:186:13-54
202            android:configChanges="keyboardHidden|orientation|screenSize"
202-->src/main/AndroidManifest.xml:188:17-78
203            android:exported="true"
203-->src/main/AndroidManifest.xml:184:13-36
204            android:label="@string/app_name"
204-->src/main/AndroidManifest.xml:189:17-49
205            android:targetActivity="com.android.gallery3d.app.GalleryActivity" >
205-->src/main/AndroidManifest.xml:187:17-83
206            <intent-filter>
206-->src/main/AndroidManifest.xml:190:13-192:29
207                <action android:name="android.intent.action.MAIN" />
207-->src/main/AndroidManifest.xml:102:17-69
207-->src/main/AndroidManifest.xml:102:25-66
208            </intent-filter>
209        </activity-alias>
210
211        <!--
212             This activity acts as a trampoline to the new Gallery activity,
213             so that existing shortcuts are preserved.
214        -->
215        <activity
215-->src/main/AndroidManifest.xml:170:9-179:20
216            android:name="com.android.gallery3d.app.Gallery"
216-->src/main/AndroidManifest.xml:173:13-61
217            android:exported="true"
217-->src/main/AndroidManifest.xml:171:13-36
218            android:theme="@style/android:Theme.NoDisplay" >
218-->src/main/AndroidManifest.xml:174:13-59
219            <intent-filter>
219-->src/main/AndroidManifest.xml:175:13-178:29
220                <action android:name="android.intent.action.MAIN" />
220-->src/main/AndroidManifest.xml:102:17-69
220-->src/main/AndroidManifest.xml:102:25-66
221
222                <category android:name="android.intent.category.DEFAULT" />
222-->src/main/AndroidManifest.xml:62:17-76
222-->src/main/AndroidManifest.xml:62:27-73
223            </intent-filter>
224        </activity>
225
226        <!--
227             This activity acts as a trampoline to the new Camera activity
228             in com.android.camera2 package, so that existing shortcuts
229             are preserved.
230        -->
231        <activity
231-->src/main/AndroidManifest.xml:198:9-205:62
232            android:name="com.android.camera.CameraActivity"
232-->src/main/AndroidManifest.xml:201:13-61
233            android:exported="true"
233-->src/main/AndroidManifest.xml:199:13-36
234            android:icon="@mipmap/ic_launcher_camera"
234-->src/main/AndroidManifest.xml:202:13-54
235            android:label="@string/camera_label"
235-->src/main/AndroidManifest.xml:203:13-49
236            android:taskAffinity="com.android.camera.CameraActivity"
236-->src/main/AndroidManifest.xml:204:13-69
237            android:theme="@style/android:Theme.NoDisplay" />
237-->src/main/AndroidManifest.xml:205:13-59
238
239        <activity-alias
239-->src/main/AndroidManifest.xml:206:9-216:26
240            android:name="com.android.camera.CameraLauncher"
240-->src/main/AndroidManifest.xml:209:13-61
241            android:exported="true"
241-->src/main/AndroidManifest.xml:207:13-36
242            android:label="@string/camera_label"
242-->src/main/AndroidManifest.xml:210:13-49
243            android:targetActivity="com.android.camera.CameraActivity" >
243-->src/main/AndroidManifest.xml:211:13-71
244            <intent-filter>
244-->src/main/AndroidManifest.xml:175:13-178:29
245                <action android:name="android.intent.action.MAIN" />
245-->src/main/AndroidManifest.xml:102:17-69
245-->src/main/AndroidManifest.xml:102:25-66
246
247                <category android:name="android.intent.category.DEFAULT" />
247-->src/main/AndroidManifest.xml:62:17-76
247-->src/main/AndroidManifest.xml:62:27-73
248            </intent-filter>
249        </activity-alias>
250
251        <!--
252         This activity receives USB_DEVICE_ATTACHED intents and allows importing
253         media from attached MTP devices, like cameras and camera phones
254        -->
255        <activity
255-->src/main/AndroidManifest.xml:220:9-232:20
256            android:name="com.android.gallery3d.ingest.IngestActivity"
256-->src/main/AndroidManifest.xml:224:37-95
257            android:configChanges="orientation|screenSize"
257-->src/main/AndroidManifest.xml:225:13-59
258            android:exported="true"
258-->src/main/AndroidManifest.xml:221:13-36
259            android:label="@string/app_name"
259-->src/main/AndroidManifest.xml:226:13-45
260            android:launchMode="singleInstance"
260-->src/main/AndroidManifest.xml:223:13-48
261            android:taskAffinity="" >
261-->src/main/AndroidManifest.xml:224:13-36
262            <intent-filter>
262-->src/main/AndroidManifest.xml:227:13-229:29
263                <action android:name="android.hardware.usb.action.USB_DEVICE_ATTACHED" />
263-->src/main/AndroidManifest.xml:228:17-90
263-->src/main/AndroidManifest.xml:228:25-87
264            </intent-filter>
265
266            <meta-data
266-->src/main/AndroidManifest.xml:230:13-231:57
267                android:name="android.hardware.usb.action.USB_DEVICE_ATTACHED"
267-->src/main/AndroidManifest.xml:230:24-86
268                android:resource="@xml/device_filter" />
268-->src/main/AndroidManifest.xml:231:17-54
269        </activity>
270
271        <service android:name="com.android.gallery3d.ingest.IngestService" />
271-->src/main/AndroidManifest.xml:233:9-78
271-->src/main/AndroidManifest.xml:233:18-75
272
273        <activity
273-->src/main/AndroidManifest.xml:235:9-252:20
274            android:name="com.android.gallery3d.app.Wallpaper"
274-->src/main/AndroidManifest.xml:238:13-63
275            android:configChanges="keyboardHidden|orientation|screenSize"
275-->src/main/AndroidManifest.xml:239:17-78
276            android:exported="true"
276-->src/main/AndroidManifest.xml:236:13-36
277            android:theme="@style/android:Theme.Translucent.NoTitleBar" >
277-->src/main/AndroidManifest.xml:240:17-76
278            <intent-filter android:label="@string/camera_setas_wallpaper" >
278-->src/main/AndroidManifest.xml:241:13-245:29
278-->src/main/AndroidManifest.xml:241:28-74
279                <action android:name="android.intent.action.ATTACH_DATA" />
279-->src/main/AndroidManifest.xml:242:17-76
279-->src/main/AndroidManifest.xml:242:25-73
280
281                <data android:mimeType="image/*" />
281-->src/main/AndroidManifest.xml:64:17-47
281-->src/main/AndroidManifest.xml:74:23-53
282
283                <category android:name="android.intent.category.DEFAULT" />
283-->src/main/AndroidManifest.xml:62:17-76
283-->src/main/AndroidManifest.xml:62:27-73
284            </intent-filter>
285            <intent-filter android:label="@string/app_name" >
285-->src/main/AndroidManifest.xml:246:13-249:29
285-->src/main/AndroidManifest.xml:246:28-60
286                <action android:name="android.intent.action.SET_WALLPAPER" />
286-->src/main/AndroidManifest.xml:247:17-78
286-->src/main/AndroidManifest.xml:247:25-75
287
288                <category android:name="android.intent.category.DEFAULT" />
288-->src/main/AndroidManifest.xml:62:17-76
288-->src/main/AndroidManifest.xml:62:27-73
289            </intent-filter>
290
291            <meta-data
291-->src/main/AndroidManifest.xml:250:13-251:72
292                android:name="android.wallpaper.preview"
292-->src/main/AndroidManifest.xml:250:24-64
293                android:resource="@xml/wallpaper_picker_preview" />
293-->src/main/AndroidManifest.xml:251:21-69
294        </activity>
295        <activity
295-->src/main/AndroidManifest.xml:253:9-265:20
296            android:name="com.android.gallery3d.app.TrimVideo"
296-->src/main/AndroidManifest.xml:256:13-63
297            android:exported="true"
297-->src/main/AndroidManifest.xml:254:13-36
298            android:label="@string/trim_label" >
298-->src/main/AndroidManifest.xml:257:17-51
299            <intent-filter android:label="@string/crop_label" >
299-->src/main/AndroidManifest.xml:258:13-264:29
299-->src/main/AndroidManifest.xml:258:28-62
300                <action android:name="com.android.camera.action.TRIM" />
300-->src/main/AndroidManifest.xml:259:17-73
300-->src/main/AndroidManifest.xml:259:25-70
301
302                <category android:name="android.intent.category.DEFAULT" />
302-->src/main/AndroidManifest.xml:62:17-76
302-->src/main/AndroidManifest.xml:62:27-73
303
304                <data android:scheme="content" />
304-->src/main/AndroidManifest.xml:64:17-47
304-->src/main/AndroidManifest.xml:64:23-44
305                <data android:scheme="file" />
305-->src/main/AndroidManifest.xml:64:17-47
305-->src/main/AndroidManifest.xml:64:23-44
306                <data android:mimeType="video/*" />
306-->src/main/AndroidManifest.xml:64:17-47
306-->src/main/AndroidManifest.xml:74:23-53
307            </intent-filter>
308        </activity>
309
310        <provider
310-->src/main/AndroidManifest.xml:267:9-272:91
311            android:name="com.android.gallery3d.filtershow.provider.SharedImageProvider"
311-->src/main/AndroidManifest.xml:268:13-89
312            android:authorities="com.android.gallery3d.filtershow.provider.SharedImageProvider"
312-->src/main/AndroidManifest.xml:269:13-96
313            android:grantUriPermissions="true"
313-->src/main/AndroidManifest.xml:270:13-47
314            android:readPermission="com.android.gallery3d.filtershow.permission.READ"
314-->src/main/AndroidManifest.xml:271:13-86
315            android:writePermission="com.android.gallery3d.filtershow.permission.WRITE" />
315-->src/main/AndroidManifest.xml:272:13-88
316
317        <service
317-->src/main/AndroidManifest.xml:274:9-276:44
318            android:name="com.android.gallery3d.filtershow.pipeline.ProcessingService"
318-->src/main/AndroidManifest.xml:275:17-70
319            android:exported="false" />